<?xml version="1.0" encoding="UTF-8"?>
<!-- Generated by org.testng.reporters.JUnitXMLReporter -->
<testsuite ignored="0" hostname="SravanBugga" failures="0" tests="9" name="MyTest" time="13.929" errors="0" timestamp="2024-05-24T00:19:50 IST">
  <testcase classname="testNGpractice1.Prioritytestng" name="openURL" time="0.011"/>
  <testcase classname="testNGpractice1.Prioritytestng" name="correctlogins" time="0.002"/>
  <testcase classname="testNGpractice1.Prioritytestng" name="submitlogin" time="0.001"/>
  <testcase classname="testNGpractice1.Prioritytestng" name="dashboard" time="0.002"/>
  <testcase classname="testNGpractice1.PrioritywithOrangeHRM" name="openUrl" time="6.796"/>
  <testcase classname="testNGpractice1.PrioritywithOrangeHRM" name="logins" time="6.728"/>
  <testcase classname="testNGpractice1.PrioritywithOrangeHRM" name="closeapp" time="0.309"/>
  <testcase classname="testNGpractice1.WithnwithoutAnnotation" name="test" time="0.006"/>
  <testcase classname="testNGpractice1.WithnwithoutAnnotation" name="test1" time="0.0"/>
</testsuite> <!-- MyTest -->
