<?xml version="1.0" encoding="UTF-8"?>
<!-- Generated by org.testng.reporters.JUnitXMLReporter -->
<testsuite ignored="0" hostname="SravanBugga" failures="0" tests="12" name="Test1" time="213.447" errors="0" timestamp="2024-12-13T22:59:01 IST">
  <testcase classname="Testngtesting.firsttestNG" name="testA" time="0.014"/>
  <testcase classname="Testngtesting.firsttestNG" name="testB" time="0.001"/>
  <testcase classname="Testngtesting.ThirdTestNG" name="Url" time="0.045"/>
  <testcase classname="Testngtesting.ThirdTestNG" name="login" time="0.009"/>
  <testcase classname="Testngtesting.ThirdTestNG" name="logout" time="0.003"/>
  <testcase classname="Testngtesting.ThirdTestNG" name="openapp" time="0.009"/>
  <testcase classname="Testngtesting.SecondTestNG" name="test1" time="0.008"/>
  <testcase classname="Testngtesting.SecondTestNG" name="test2" time="0.014"/>
  <testcase classname="Testngtesting.SecondTestNG" name="test3" time="0.011"/>
  <testcase classname="Testngtesting.OrangeHrmNGTest" name="Url" time="189.283"/>
  <testcase classname="Testngtesting.OrangeHrmNGTest" name="logins" time="16.38"/>
  <testcase classname="Testngtesting.OrangeHrmNGTest" name="closeapp" time="7.395"/>
</testsuite> <!-- Test1 -->
