<?xml version="1.0" encoding="UTF-8"?>
<!-- Generated by org.testng.reporters.JUnitXMLReporter -->
<testsuite ignored="0" hostname="SravanBugga" failures="1" tests="3" name="listenersTest" time="0.063" errors="0" timestamp="2024-05-28T14:18:50 IST">
  <testcase classname="testNGpractice1.ListernersTest" name="test1" time="0.014"/>
  <testcase classname="testNGpractice1.ListernersTest" name="test2" time="0.003">
    <failure type="java.lang.AssertionError" message="expected [b] but found [a]">
      <![CDATA[java.lang.AssertionError: expected [b] but found [a]
at testNGpractice1.ListernersTest.test2(ListernersTest.java:17)
at java.base/java.util.ArrayList.forEach(ArrayList.java:1596)
... Removed 31 stack frames]]>
    </failure>
  </testcase> <!-- test2 -->
  <testcase classname="testNGpractice1.ListernersTest" name="test3" time="0.0">
    <skipped/>
  </testcase> <!-- test3 -->
</testsuite> <!-- listenersTest -->
