<?xml version="1.0" encoding="UTF-8"?>
<testng-results ignored="0" total="12" passed="12" failed="0" skipped="0">
  <reporter-output>
  </reporter-output>
  <suite started-at="2024-12-13T22:55:25 IST" name="Suite1" finished-at="2024-12-13T22:58:59 IST" duration-ms="213447">
    <groups>
    </groups>
    <test started-at="2024-12-13T22:55:25 IST" name="Test1" finished-at="2024-12-13T22:58:59 IST" duration-ms="213447">
      <class name="Testngtesting.ThirdTestNG">
        <test-method signature="Url()[pri:0, instance:Testngtesting.ThirdTestNG@4c12331b]" started-at="2024-12-13T22:55:26 IST" name="Url" finished-at="2024-12-13T22:55:26 IST" duration-ms="45" status="PASS">
          <reporter-output>
          </reporter-output>
        </test-method> <!-- Url -->
        <test-method signature="login()[pri:0, instance:Testngtesting.ThirdTestNG@4c12331b]" started-at="2024-12-13T22:55:26 IST" name="login" finished-at="2024-12-13T22:55:26 IST" duration-ms="9" status="PASS">
          <reporter-output>
          </reporter-output>
        </test-method> <!-- login -->
        <test-method signature="logout()[pri:0, instance:Testngtesting.ThirdTestNG@4c12331b]" started-at="2024-12-13T22:55:26 IST" name="logout" finished-at="2024-12-13T22:55:26 IST" duration-ms="3" status="PASS">
          <reporter-output>
          </reporter-output>
        </test-method> <!-- logout -->
        <test-method signature="openapp()[pri:0, instance:Testngtesting.ThirdTestNG@4c12331b]" started-at="2024-12-13T22:55:26 IST" name="openapp" finished-at="2024-12-13T22:55:26 IST" duration-ms="9" status="PASS">
          <reporter-output>
          </reporter-output>
        </test-method> <!-- openapp -->
      </class> <!-- Testngtesting.ThirdTestNG -->
      <class name="Testngtesting.OrangeHrmNGTest">
        <test-method signature="Url()[pri:1, instance:Testngtesting.OrangeHrmNGTest@3b69e7d1]" started-at="2024-12-13T22:55:26 IST" name="Url" finished-at="2024-12-13T22:58:35 IST" duration-ms="189283" status="PASS">
          <reporter-output>
          </reporter-output>
        </test-method> <!-- Url -->
        <test-method signature="logins()[pri:2, instance:Testngtesting.OrangeHrmNGTest@3b69e7d1]" started-at="2024-12-13T22:58:35 IST" name="logins" finished-at="2024-12-13T22:58:51 IST" duration-ms="16380" status="PASS">
          <reporter-output>
          </reporter-output>
        </test-method> <!-- logins -->
        <test-method signature="closeapp()[pri:4, instance:Testngtesting.OrangeHrmNGTest@3b69e7d1]" started-at="2024-12-13T22:58:51 IST" name="closeapp" finished-at="2024-12-13T22:58:59 IST" duration-ms="7395" status="PASS">
          <reporter-output>
          </reporter-output>
        </test-method> <!-- closeapp -->
      </class> <!-- Testngtesting.OrangeHrmNGTest -->
      <class name="Testngtesting.SecondTestNG">
        <test-method signature="test1()[pri:0, instance:Testngtesting.SecondTestNG@7586beff]" started-at="2024-12-13T22:55:26 IST" name="test1" finished-at="2024-12-13T22:55:26 IST" duration-ms="8" status="PASS">
          <reporter-output>
          </reporter-output>
        </test-method> <!-- test1 -->
        <test-method signature="test2()[pri:0, instance:Testngtesting.SecondTestNG@7586beff]" started-at="2024-12-13T22:55:26 IST" name="test2" finished-at="2024-12-13T22:55:26 IST" duration-ms="14" status="PASS">
          <reporter-output>
          </reporter-output>
        </test-method> <!-- test2 -->
        <test-method signature="test3()[pri:0, instance:Testngtesting.SecondTestNG@7586beff]" started-at="2024-12-13T22:55:26 IST" name="test3" finished-at="2024-12-13T22:55:26 IST" duration-ms="11" status="PASS">
          <reporter-output>
          </reporter-output>
        </test-method> <!-- test3 -->
      </class> <!-- Testngtesting.SecondTestNG -->
      <class name="Testngtesting.firsttestNG">
        <test-method signature="testA()[pri:0, instance:Testngtesting.firsttestNG@40a4337a]" started-at="2024-12-13T22:55:25 IST" name="testA" finished-at="2024-12-13T22:55:25 IST" duration-ms="14" status="PASS">
          <reporter-output>
          </reporter-output>
        </test-method> <!-- testA -->
        <test-method signature="testB()[pri:0, instance:Testngtesting.firsttestNG@40a4337a]" started-at="2024-12-13T22:55:25 IST" name="testB" finished-at="2024-12-13T22:55:25 IST" duration-ms="1" status="PASS">
          <reporter-output>
          </reporter-output>
        </test-method> <!-- testB -->
      </class> <!-- Testngtesting.firsttestNG -->
    </test> <!-- Test1 -->
  </suite> <!-- Suite1 -->
</testng-results>
