<?xml version="1.0" encoding="UTF-8"?>
<!-- Generated by org.testng.reporters.JUnitXMLReporter -->
<testsuite ignored="6" hostname="SravanBugga" failures="0" tests="3" name="Testgrp" time="0.065" errors="0" timestamp="2024-04-14T13:46:25 IST">
  <testcase classname="Grouping.TestGrouping" name="signupbyEmail" time="0.009"/>
  <testcase classname="Grouping.TestGrouping" name="SignupByTwitter" time="0.002"/>
  <testcase classname="Grouping.TestGrouping" name="paymentinRs" time="0.001"/>
  <testcase classname="Grouping.TestGrouping" name="paymentbycash" time="0.0">
    <ignored/>
  </testcase> <!-- paymentbycash -->
  <testcase classname="Grouping.TestGrouping" name="loginbytwitter" time="0.0">
    <ignored/>
  </testcase> <!-- loginbytwitter -->
  <testcase classname="Grouping.TestGrouping" name="PaymentinDollars" time="0.0">
    <ignored/>
  </testcase> <!-- PaymentinDollars -->
  <testcase classname="Grouping.TestGrouping" name="loginbyfb" time="0.0">
    <ignored/>
  </testcase> <!-- loginbyfb -->
  <testcase classname="Grouping.TestGrouping" name="signUpByFb" time="0.0">
    <ignored/>
  </testcase> <!-- signUpByFb -->
  <testcase classname="Grouping.TestGrouping" name="loginbyemail" time="0.0">
    <ignored/>
  </testcase> <!-- loginbyemail -->
</testsuite> <!-- Testgrp -->
