<?xml version="1.0" encoding="UTF-8"?>
<!-- Generated by org.testng.reporters.JUnitXMLReporter -->
<testsuite ignored="4" hostname="SravanBugga" failures="0" tests="2" name="groupTest" time="0.079" errors="0" timestamp="2024-05-25T12:25:47 IST">
  <testcase classname="testNGpractice1.GroupingTest" name="signupbytwitter" time="0.016"/>
  <testcase classname="testNGpractice1.GroupingTest" name="signupbyfacebook" time="0.001"/>
  <testcase classname="testNGpractice1.GroupingTest" name="loginbyFacebook" time="0.0">
    <ignored/>
  </testcase> <!-- loginbyFacebook -->
  <testcase classname="testNGpractice1.GroupingTest" name="signupByemail" time="0.0">
    <ignored/>
  </testcase> <!-- signupByemail -->
  <testcase classname="testNGpractice1.GroupingTest" name="loginByTwitter" time="0.0">
    <ignored/>
  </testcase> <!-- loginByTwitter -->
  <testcase classname="testNGpractice1.GroupingTest" name="loginByEmail" time="0.0">
    <ignored/>
  </testcase> <!-- loginByEmail -->
</testsuite> <!-- groupTest -->
